    Checking openlark-docs v0.15.0-dev (/Users/zool/RustroverProjects/open-lark/crates/openlark-docs)
warning: private item shadows public glob re-export
  --> crates/openlark-docs/src/ccm/docx/v1/chat/announcement/block/mod.rs:7:1
   |
 7 | mod get;
   | ^^^^^^^^
   |
note: the name `get` in the type namespace is supposed to be publicly re-exported here
  --> crates/openlark-docs/src/ccm/docx/v1/chat/announcement/block/mod.rs:11:9
   |
11 | pub use children::*;
   |         ^^^^^^^^^^^
note: but the private item here shadows it
  --> crates/openlark-docs/src/ccm/docx/v1/chat/announcement/block/mod.rs:7:1
   |
 7 | mod get;
   | ^^^^^^^^
   = note: `#[warn(hidden_glob_reexports)]` on by default

warning: unused import: `Response`
 --> crates/openlark-docs/src/ccm/drive/v1/file/copy.rs:2:41
  |
2 |     api::{ApiRequest, ApiResponseTrait, Response, ResponseFormat},
  |                                         ^^^^^^^^
  |
  = note: `#[warn(unused_imports)]` (part of `#[warn(unused)]`) on by default

warning: unused import: `api_utils::*`
  --> crates/openlark-docs/src/ccm/drive/v1/file/copy.rs:13:46
   |
13 | use crate::common::{api_endpoints::DriveApi, api_utils::*};
   |                                              ^^^^^^^^^^^^

warning: unused import: `Response`
 --> crates/openlark-docs/src/ccm/drive/v1/file/download.rs:2:41
  |
2 |     api::{ApiRequest, ApiResponseTrait, Response, ResponseFormat},
  |                                         ^^^^^^^^

warning: unused import: `Response`
 --> crates/openlark-docs/src/ccm/drive/v1/file/subscribe.rs:2:41
  |
2 |     api::{ApiRequest, ApiResponseTrait, Response, ResponseFormat},
  |                                         ^^^^^^^^

warning: unused import: `api_utils::*`
  --> crates/openlark-docs/src/ccm/drive/v1/file/subscribe.rs:13:46
   |
13 | use crate::common::{api_endpoints::DriveApi, api_utils::*};
   |                                              ^^^^^^^^^^^^

warning: unused import: `Response`
 --> crates/openlark-docs/src/ccm/drive/v1/file/comment/batch_query.rs:6:41
  |
6 |     api::{ApiRequest, ApiResponseTrait, Response, ResponseFormat},
  |                                         ^^^^^^^^

warning: unused imports: `api_endpoints::DriveApi` and `api_utils::*`
  --> crates/openlark-docs/src/ccm/drive/v1/file/comment/batch_query.rs:13:21
   |
13 | use crate::common::{api_endpoints::DriveApi, api_utils::*};
   |                     ^^^^^^^^^^^^^^^^^^^^^^^  ^^^^^^^^^^^^

warning: unused import: `Response`
 --> crates/openlark-docs/src/ccm/drive/v1/file/comment/create.rs:2:41
  |
2 |     api::{ApiRequest, ApiResponseTrait, Response, ResponseFormat},
  |                                         ^^^^^^^^

warning: unused import: `api_utils::*`
  --> crates/openlark-docs/src/ccm/drive/v1/file/comment/create.rs:13:46
   |
13 | use crate::common::{api_endpoints::DriveApi, api_utils::*};
   |                                              ^^^^^^^^^^^^

warning: unused import: `Response`
 --> crates/openlark-docs/src/ccm/drive/v1/file/comment/get.rs:6:41
  |
6 |     api::{ApiRequest, ApiResponseTrait, Response, ResponseFormat},
  |                                         ^^^^^^^^

warning: unused imports: `api_endpoints::DriveApi` and `api_utils::*`
  --> crates/openlark-docs/src/ccm/drive/v1/file/comment/get.rs:13:21
   |
13 | use crate::common::{api_endpoints::DriveApi, api_utils::*};
   |                     ^^^^^^^^^^^^^^^^^^^^^^^  ^^^^^^^^^^^^

warning: unused import: `Response`
 --> crates/openlark-docs/src/ccm/drive/v1/file/comment/list.rs:2:41
  |
2 |     api::{ApiRequest, ApiResponseTrait, Response, ResponseFormat},
  |                                         ^^^^^^^^

warning: unused import: `api_utils::*`
  --> crates/openlark-docs/src/ccm/drive/v1/file/comment/list.rs:13:46
   |
13 | use crate::common::{api_endpoints::DriveApi, api_utils::*};
   |                                              ^^^^^^^^^^^^

warning: unused import: `Response`
 --> crates/openlark-docs/src/ccm/drive/v1/file/comment/patch.rs:6:41
  |
6 |     api::{ApiRequest, ApiResponseTrait, Response, ResponseFormat},
  |                                         ^^^^^^^^

warning: unused imports: `api_endpoints::DriveApi` and `api_utils::*`
  --> crates/openlark-docs/src/ccm/drive/v1/file/comment/patch.rs:13:21
   |
13 | use crate::common::{api_endpoints::DriveApi, api_utils::*};
   |                     ^^^^^^^^^^^^^^^^^^^^^^^  ^^^^^^^^^^^^

warning: unused import: `Response`
 --> crates/openlark-docs/src/ccm/drive/v1/file/comment/reply/update.rs:6:41
  |
6 |     api::{ApiRequest, ApiResponseTrait, Response, ResponseFormat},
  |                                         ^^^^^^^^

warning: unused imports: `api_endpoints::DriveApi` and `api_utils::*`
  --> crates/openlark-docs/src/ccm/drive/v1/file/comment/reply/update.rs:13:21
   |
13 | use crate::common::{api_endpoints::DriveApi, api_utils::*};
   |                     ^^^^^^^^^^^^^^^^^^^^^^^  ^^^^^^^^^^^^

warning: ambiguous glob re-exports
 --> crates/openlark-docs/src/ccm/drive/v1/file/comment/reply/mod.rs:8:9
  |
8 | pub use update::*;
  |         ^^^^^^^^^ the name `ReplyInfo` in the type namespace is first re-exported here
9 | pub use models::*;
  |         --------- but the name `ReplyInfo` in the type namespace is also re-exported here
  |
  = note: `#[warn(ambiguous_glob_reexports)]` on by default

warning: ambiguous glob re-exports
  --> crates/openlark-docs/src/ccm/drive/v1/file/comment/mod.rs:11:9
   |
11 | pub use batch_query::*;
   |         ^^^^^^^^^^^^^^ the name `CommentInfo` in the type namespace is first re-exported here
...
15 | pub use patch::*;
   |         -------- but the name `CommentInfo` in the type namespace is also re-exported here

warning: ambiguous glob re-exports
  --> crates/openlark-docs/src/ccm/drive/v1/file/comment/mod.rs:11:9
   |
11 | pub use batch_query::*;
   |         ^^^^^^^^^^^^^^ the name `CreatorInfo` in the type namespace is first re-exported here
...
16 | pub use reply::*;
   |         -------- but the name `CreatorInfo` in the type namespace is also re-exported here

warning: unused import: `Response`
 --> crates/openlark-docs/src/ccm/drive/v1/file/version/create.rs:2:41
  |
2 |     api::{ApiRequest, ApiResponseTrait, Response, ResponseFormat},
  |                                         ^^^^^^^^

warning: unused import: `api_utils::*`
  --> crates/openlark-docs/src/ccm/drive/v1/file/version/create.rs:13:46
   |
13 | use crate::common::{api_endpoints::DriveApi, api_utils::*};
   |                                              ^^^^^^^^^^^^

warning: unused import: `Response`
 --> crates/openlark-docs/src/ccm/drive/v1/file/version/list.rs:6:41
  |
6 |     api::{ApiRequest, ApiResponseTrait, Response, ResponseFormat},
  |                                         ^^^^^^^^

warning: unused import: `api_utils::*`
  --> crates/openlark-docs/src/ccm/drive/v1/file/version/list.rs:13:46
   |
13 | use crate::common::{api_endpoints::DriveApi, api_utils::*};
   |                                              ^^^^^^^^^^^^

warning: unused import: `Response`
 --> crates/openlark-docs/src/ccm/drive/v1/file/version/get.rs:6:41
  |
6 |     api::{ApiRequest, ApiResponseTrait, Response, ResponseFormat},
  |                                         ^^^^^^^^

warning: unused import: `api_utils::*`
  --> crates/openlark-docs/src/ccm/drive/v1/file/version/get.rs:13:46
   |
13 | use crate::common::{api_endpoints::DriveApi, api_utils::*};
   |                                              ^^^^^^^^^^^^

warning: unused import: `Response`
 --> crates/openlark-docs/src/ccm/drive/v1/file/version/delete.rs:6:41
  |
6 |     api::{ApiRequest, ApiResponseTrait, Response, ResponseFormat},
  |                                         ^^^^^^^^

warning: unused import: `api_utils::*`
  --> crates/openlark-docs/src/ccm/drive/v1/file/version/delete.rs:13:46
   |
13 | use crate::common::{api_endpoints::DriveApi, api_utils::*};
   |                                              ^^^^^^^^^^^^

warning: ambiguous glob re-exports
  --> crates/openlark-docs/src/ccm/drive/v1/file/version/mod.rs:9:9
   |
 9 | pub use create::*;
   |         ^^^^^^^^^ the name `VersionInfo` in the type namespace is first re-exported here
10 | pub use list::*;
11 | pub use get::*;
   |         ------ but the name `VersionInfo` in the type namespace is also re-exported here

warning: ambiguous glob re-exports
  --> crates/openlark-docs/src/ccm/drive/v1/file/version/mod.rs:9:9
   |
 9 | pub use create::*;
   |         ^^^^^^^^^ the name `CreatorInfo` in the type namespace is first re-exported here
10 | pub use list::*;
11 | pub use get::*;
   |         ------ but the name `CreatorInfo` in the type namespace is also re-exported here

warning: ambiguous glob re-exports
  --> crates/openlark-docs/src/ccm/drive/v1/file/version/mod.rs:10:9
   |
10 | pub use list::*;
   |         ^^^^^^^ the name `AvatarInfo` in the type namespace is first re-exported here
11 | pub use get::*;
   |         ------ but the name `AvatarInfo` in the type namespace is also re-exported here

warning: ambiguous glob re-exports
  --> crates/openlark-docs/src/ccm/drive/v1/file/version/mod.rs:10:9
   |
10 | pub use list::*;
   |         ^^^^^^^ the name `ChangeInfo` in the type namespace is first re-exported here
11 | pub use get::*;
   |         ------ but the name `ChangeInfo` in the type namespace is also re-exported here

warning: unused import: `Response`
 --> crates/openlark-docs/src/ccm/drive/v1/file/statistics/get.rs:6:41
  |
6 |     api::{ApiRequest, ApiResponseTrait, Response, ResponseFormat},
  |                                         ^^^^^^^^

warning: unused import: `api_utils::*`
  --> crates/openlark-docs/src/ccm/drive/v1/file/statistics/get.rs:13:46
   |
13 | use crate::common::{api_endpoints::DriveApi, api_utils::*};
   |                                              ^^^^^^^^^^^^

warning: unused import: `Response`
 --> crates/openlark-docs/src/ccm/drive/v1/file/view_record/list.rs:6:41
  |
6 |     api::{ApiRequest, ApiResponseTrait, Response, ResponseFormat},
  |                                         ^^^^^^^^

warning: unused import: `api_utils::*`
  --> crates/openlark-docs/src/ccm/drive/v1/file/view_record/list.rs:13:46
   |
13 | use crate::common::{api_endpoints::DriveApi, api_utils::*};
   |                                              ^^^^^^^^^^^^

warning: unused import: `api_endpoints::DriveApi`
  --> crates/openlark-docs/src/ccm/drive/v1/file/task_check.rs:14:21
   |
14 | use crate::common::{api_endpoints::DriveApi, api_utils::*};
   |                     ^^^^^^^^^^^^^^^^^^^^^^^

warning: unused imports: `api_endpoints::DriveApi` and `api_utils::*`
 --> crates/openlark-docs/src/ccm/drive/v1/file/get_subscribe.rs:9:21
  |
9 | use crate::common::{api_endpoints::DriveApi, api_utils::*};
  |                     ^^^^^^^^^^^^^^^^^^^^^^^  ^^^^^^^^^^^^

warning: ambiguous glob re-exports
  --> crates/openlark-docs/src/ccm/drive/v1/file/mod.rs:31:9
   |
31 | pub use comment::*;
   |         ^^^^^^^^^^ the name `create` in the type namespace is first re-exported here
32 | pub use version::*;
   |         ---------- but the name `create` in the type namespace is also re-exported here

warning: ambiguous glob re-exports
  --> crates/openlark-docs/src/ccm/drive/v1/file/mod.rs:31:9
   |
31 | pub use comment::*;
   |         ^^^^^^^^^^ the name `get` in the type namespace is first re-exported here
32 | pub use version::*;
33 | pub use statistics::*;
   |         ------------- but the name `get` in the type namespace is also re-exported here

warning: ambiguous glob re-exports
  --> crates/openlark-docs/src/ccm/drive/v1/file/mod.rs:31:9
   |
31 | pub use comment::*;
   |         ^^^^^^^^^^ the name `CreatorInfo` in the type namespace is first re-exported here
32 | pub use version::*;
   |         ---------- but the name `CreatorInfo` in the type namespace is also re-exported here

warning: ambiguous glob re-exports
  --> crates/openlark-docs/src/ccm/drive/v1/file/mod.rs:32:9
   |
32 | pub use version::*;
   |         ^^^^^^^^^^ the name `AvatarInfo` in the type namespace is first re-exported here
33 | pub use statistics::*;
34 | pub use view_record::*;
   |         -------------- but the name `AvatarInfo` in the type namespace is also re-exported here

warning: unused import: `Response`
 --> crates/openlark-docs/src/ccm/drive/v1/media/batch_get_tmp_download_url.rs:2:41
  |
2 |     api::{ApiRequest, ApiResponseTrait, Response, ResponseFormat},
  |                                         ^^^^^^^^

warning: unused import: `api_utils::*`
  --> crates/openlark-docs/src/ccm/drive/v1/media/batch_get_tmp_download_url.rs:13:46
   |
13 | use crate::common::{api_endpoints::DriveApi, api_utils::*};
   |                                              ^^^^^^^^^^^^

warning: ambiguous glob re-exports
  --> crates/openlark-docs/src/ccm/drive/v1/media/mod.rs:14:9
   |
14 | pub use upload_prepare::*;
   |         ^^^^^^^^^^^^^^^^^ the name `PartInfo` in the type namespace is first re-exported here
15 | pub use upload_part::*;
16 | pub use upload_finish::*;
   |         ---------------- but the name `PartInfo` in the type namespace is also re-exported here

warning: unused import: `serde_json::json`
  --> crates/openlark-docs/src/ccm/drive/v1/media/upload_all.rs:13:5
   |
13 | use serde_json::json;
   |     ^^^^^^^^^^^^^^^^

warning: unused import: `Response`
 --> crates/openlark-docs/src/ccm/drive/v1/permission/member/auth.rs:6:41
  |
6 |     api::{ApiRequest, ApiResponseTrait, Response, ResponseFormat},
  |                                         ^^^^^^^^

warning: unused imports: `api_endpoints::DriveApi` and `api_utils::*`
  --> crates/openlark-docs/src/ccm/drive/v1/permission/member/auth.rs:13:21
   |
13 | use crate::common::{api_endpoints::DriveApi, api_utils::*};
   |                     ^^^^^^^^^^^^^^^^^^^^^^^  ^^^^^^^^^^^^

warning: unused import: `Response`
 --> crates/openlark-docs/src/ccm/drive/v1/permission/member/batch_create.rs:6:41
  |
6 |     api::{ApiRequest, ApiResponseTrait, Response, ResponseFormat},
  |                                         ^^^^^^^^

warning: unused imports: `api_endpoints::DriveApi` and `api_utils::*`
  --> crates/openlark-docs/src/ccm/drive/v1/permission/member/batch_create.rs:13:21
   |
13 | use crate::common::{api_endpoints::DriveApi, api_utils::*};
   |                     ^^^^^^^^^^^^^^^^^^^^^^^  ^^^^^^^^^^^^

warning: unused import: `Response`
 --> crates/openlark-docs/src/ccm/drive/v1/permission/member/create.rs:2:41
  |
2 |     api::{ApiRequest, ApiResponseTrait, Response, ResponseFormat},
  |                                         ^^^^^^^^

warning: unused import: `api_utils::*`
  --> crates/openlark-docs/src/ccm/drive/v1/permission/member/create.rs:13:46
   |
13 | use crate::common::{api_endpoints::DriveApi, api_utils::*};
   |                                              ^^^^^^^^^^^^

warning: unused import: `Response`
 --> crates/openlark-docs/src/ccm/drive/v1/permission/member/list.rs:2:41
  |
2 |     api::{ApiRequest, ApiResponseTrait, Response, ResponseFormat},
  |                                         ^^^^^^^^

warning: unused import: `api_utils::*`
  --> crates/openlark-docs/src/ccm/drive/v1/permission/member/list.rs:13:46
   |
13 | use crate::common::{api_endpoints::DriveApi, api_utils::*};
   |                                              ^^^^^^^^^^^^

warning: unused import: `Response`
 --> crates/openlark-docs/src/ccm/drive/v1/permission/member/update.rs:2:41
  |
2 |     api::{ApiRequest, ApiResponseTrait, Response, ResponseFormat},
  |                                         ^^^^^^^^

warning: unused import: `api_utils::*`
  --> crates/openlark-docs/src/ccm/drive/v1/permission/member/update.rs:13:46
   |
13 | use crate::common::{api_endpoints::DriveApi, api_utils::*};
   |                                              ^^^^^^^^^^^^

warning: unused import: `Response`
 --> crates/openlark-docs/src/ccm/drive/v1/permission/member/delete.rs:2:41
  |
2 |     api::{ApiRequest, ApiResponseTrait, Response, ResponseFormat},
  |                                         ^^^^^^^^

warning: unused import: `api_utils::*`
  --> crates/openlark-docs/src/ccm/drive/v1/permission/member/delete.rs:13:46
   |
13 | use crate::common::{api_endpoints::DriveApi, api_utils::*};
   |                                              ^^^^^^^^^^^^

warning: unused import: `Response`
 --> crates/openlark-docs/src/ccm/drive/v1/permission/member/transfer_owner.rs:2:41
  |
2 |     api::{ApiRequest, ApiResponseTrait, Response, ResponseFormat},
  |                                         ^^^^^^^^

warning: unused import: `api_utils::*`
  --> crates/openlark-docs/src/ccm/drive/v1/permission/member/transfer_owner.rs:13:46
   |
13 | use crate::common::{api_endpoints::DriveApi, api_utils::*};
   |                                              ^^^^^^^^^^^^

warning: ambiguous glob re-exports
  --> crates/openlark-docs/src/ccm/drive/v1/permission/member/mod.rs:13:9
   |
13 | pub use batch_create::*;
   |         ^^^^^^^^^^^^^^^ the name `MemberInfo` in the type namespace is first re-exported here
14 | pub use create::*;
   |         --------- but the name `MemberInfo` in the type namespace is also re-exported here

warning: ambiguous glob re-exports
  --> crates/openlark-docs/src/ccm/drive/v1/permission/member/mod.rs:14:9
   |
14 | pub use create::*;
   |         ^^^^^^^^^ the name `PermissionMemberData` in the type namespace is first re-exported here
15 | pub use list::*;
16 | pub use update::*;
   |         --------- but the name `PermissionMemberData` in the type namespace is also re-exported here

warning: ambiguous glob re-exports
 --> crates/openlark-docs/src/ccm/drive/v1/permission/mod.rs:7:9
  |
7 | pub use member::*;
  |         ^^^^^^^^^ the name `delete` in the type namespace is first re-exported here
8 | pub use public::*;
  |         --------- but the name `delete` in the type namespace is also re-exported here

warning: ambiguous glob re-exports
  --> crates/openlark-docs/src/ccm/drive/v1/mod.rs:29:9
   |
29 | pub use file::*;
   |         ^^^^^^^ the name `list` in the type namespace is first re-exported here
...
33 | pub use permission::*;
   |         ------------- but the name `list` in the type namespace is also re-exported here

warning: ambiguous glob re-exports
  --> crates/openlark-docs/src/ccm/drive/v1/mod.rs:29:9
   |
29 | pub use file::*;
   |         ^^^^^^^ the name `delete` in the type namespace is first re-exported here
...
33 | pub use permission::*;
   |         ------------- but the name `delete` in the type namespace is also re-exported here

warning: ambiguous glob re-exports
  --> crates/openlark-docs/src/ccm/drive/v1/mod.rs:29:9
   |
29 | pub use file::*;
   |         ^^^^^^^ the name `download` in the type namespace is first re-exported here
...
35 | pub use export_task::*;
   |         -------------- but the name `download` in the type namespace is also re-exported here

warning: ambiguous glob re-exports
  --> crates/openlark-docs/src/ccm/drive/v1/mod.rs:29:9
   |
29 | pub use file::*;
   |         ^^^^^^^ the name `upload_all` in the type namespace is first re-exported here
...
32 | pub use media::*;
   |         -------- but the name `upload_all` in the type namespace is also re-exported here

warning: ambiguous glob re-exports
  --> crates/openlark-docs/src/ccm/drive/v1/mod.rs:29:9
   |
29 | pub use file::*;
   |         ^^^^^^^ the name `upload_prepare` in the type namespace is first re-exported here
...
32 | pub use media::*;
   |         -------- but the name `upload_prepare` in the type namespace is also re-exported here

warning: ambiguous glob re-exports
  --> crates/openlark-docs/src/ccm/drive/v1/mod.rs:29:9
   |
29 | pub use file::*;
   |         ^^^^^^^ the name `upload_part` in the type namespace is first re-exported here
...
32 | pub use media::*;
   |         -------- but the name `upload_part` in the type namespace is also re-exported here

warning: ambiguous glob re-exports
  --> crates/openlark-docs/src/ccm/drive/v1/mod.rs:29:9
   |
29 | pub use file::*;
   |         ^^^^^^^ the name `upload_finish` in the type namespace is first re-exported here
...
32 | pub use media::*;
   |         -------- but the name `upload_finish` in the type namespace is also re-exported here

warning: ambiguous glob re-exports
  --> crates/openlark-docs/src/ccm/drive/v1/mod.rs:29:9
   |
29 | pub use file::*;
   |         ^^^^^^^ the name `batch_query` in the type namespace is first re-exported here
30 | pub use meta::*;
   |         ------- but the name `batch_query` in the type namespace is also re-exported here

warning: ambiguous glob re-exports
  --> crates/openlark-docs/src/ccm/drive/v1/mod.rs:29:9
   |
29 | pub use file::*;
   |         ^^^^^^^ the name `create` in the type namespace is first re-exported here
...
35 | pub use export_task::*;
   |         -------------- but the name `create` in the type namespace is also re-exported here

warning: ambiguous glob re-exports
  --> crates/openlark-docs/src/ccm/drive/v1/mod.rs:29:9
   |
29 | pub use file::*;
   |         ^^^^^^^ the name `get` in the type namespace is first re-exported here
...
35 | pub use export_task::*;
   |         -------------- but the name `get` in the type namespace is also re-exported here

warning: ambiguous glob re-exports
  --> crates/openlark-docs/src/ccm/drive/v1/mod.rs:29:9
   |
29 | pub use file::*;
   |         ^^^^^^^ the name `update` in the type namespace is first re-exported here
...
33 | pub use permission::*;
   |         ------------- but the name `update` in the type namespace is also re-exported here

warning: ambiguous glob re-exports
  --> crates/openlark-docs/src/ccm/drive/v1/mod.rs:29:9
   |
29 | pub use file::*;
   |         ^^^^^^^ the name `upload_prepare` in the value namespace is first re-exported here
...
32 | pub use media::*;
   |         -------- but the name `upload_prepare` in the value namespace is also re-exported here

warning: ambiguous glob re-exports
  --> crates/openlark-docs/src/ccm/drive/v1/mod.rs:29:9
   |
29 | pub use file::*;
   |         ^^^^^^^ the name `upload_part` in the value namespace is first re-exported here
...
32 | pub use media::*;
   |         -------- but the name `upload_part` in the value namespace is also re-exported here

warning: ambiguous glob re-exports
  --> crates/openlark-docs/src/ccm/drive/v1/mod.rs:29:9
   |
29 | pub use file::*;
   |         ^^^^^^^ the name `upload_finish` in the value namespace is first re-exported here
...
32 | pub use media::*;
   |         -------- but the name `upload_finish` in the value namespace is also re-exported here

warning: ambiguous glob re-exports
  --> crates/openlark-docs/src/ccm/drive/v1/mod.rs:29:9
   |
29 | pub use file::*;
   |         ^^^^^^^ the name `BatchOperationResult` in the type namespace is first re-exported here
...
33 | pub use permission::*;
   |         ------------- but the name `BatchOperationResult` in the type namespace is also re-exported here

warning: ambiguous glob re-exports
  --> crates/openlark-docs/src/ccm/drive/v1/mod.rs:29:9
   |
29 | pub use file::*;
   |         ^^^^^^^ the name `UploadPrepareRequest` in the type namespace is first re-exported here
...
32 | pub use media::*;
   |         -------- but the name `UploadPrepareRequest` in the type namespace is also re-exported here

warning: ambiguous glob re-exports
  --> crates/openlark-docs/src/ccm/drive/v1/mod.rs:29:9
   |
29 | pub use file::*;
   |         ^^^^^^^ the name `UploadPrepareResponse` in the type namespace is first re-exported here
...
32 | pub use media::*;
   |         -------- but the name `UploadPrepareResponse` in the type namespace is also re-exported here

warning: ambiguous glob re-exports
  --> crates/openlark-docs/src/ccm/drive/v1/mod.rs:29:9
   |
29 | pub use file::*;
   |         ^^^^^^^ the name `UploadPartRequest` in the type namespace is first re-exported here
...
32 | pub use media::*;
   |         -------- but the name `UploadPartRequest` in the type namespace is also re-exported here

warning: ambiguous glob re-exports
  --> crates/openlark-docs/src/ccm/drive/v1/mod.rs:29:9
   |
29 | pub use file::*;
   |         ^^^^^^^ the name `UploadPartResponse` in the type namespace is first re-exported here
...
32 | pub use media::*;
   |         -------- but the name `UploadPartResponse` in the type namespace is also re-exported here

warning: ambiguous glob re-exports
  --> crates/openlark-docs/src/ccm/drive/v1/mod.rs:29:9
   |
29 | pub use file::*;
   |         ^^^^^^^ the name `UploadFinishRequest` in the type namespace is first re-exported here
...
32 | pub use media::*;
   |         -------- but the name `UploadFinishRequest` in the type namespace is also re-exported here

warning: ambiguous glob re-exports
  --> crates/openlark-docs/src/ccm/drive/v1/mod.rs:29:9
   |
29 | pub use file::*;
   |         ^^^^^^^ the name `UploadFinishResponse` in the type namespace is first re-exported here
...
32 | pub use media::*;
   |         -------- but the name `UploadFinishResponse` in the type namespace is also re-exported here

warning: unused import: `Response`
 --> crates/openlark-docs/src/ccm/drive/v2/file/like/list.rs:2:41
  |
2 |     api::{ApiRequest, ApiResponseTrait, Response, ResponseFormat},
  |                                         ^^^^^^^^

warning: unused import: `api_utils::*`
  --> crates/openlark-docs/src/ccm/drive/v2/file/like/list.rs:13:46
   |
13 | use crate::common::{api_endpoints::DriveApi, api_utils::*};
   |                                              ^^^^^^^^^^^^

warning: unused imports: `api_endpoints::DriveApi` and `api_utils::*`
  --> crates/openlark-docs/src/ccm/drive/v2/permission/public/patch.rs:13:21
   |
13 | use crate::common::{api_endpoints::DriveApi, api_utils::*};
   |                     ^^^^^^^^^^^^^^^^^^^^^^^  ^^^^^^^^^^^^

warning: unused import: `openlark_core::api::Response`
 --> crates/openlark-docs/src/ccm/sheets/v3/models.rs:8:5
  |
8 | use openlark_core::api::Response;
  |     ^^^^^^^^^^^^^^^^^^^^^^^^^^^^

warning: unused imports: `api_endpoints::SheetsApiV3` and `api_utils::*`
  --> crates/openlark-docs/src/ccm/sheets/v3/spreadsheet/sheet/filter/create.rs:14:21
   |
14 | use crate::common::{api_endpoints::SheetsApiV3, api_utils::*};
   |                     ^^^^^^^^^^^^^^^^^^^^^^^^^^  ^^^^^^^^^^^^

warning: unused imports: `FilterCondition` and `FilterRange`
  --> crates/openlark-docs/src/ccm/sheets/v3/spreadsheet/sheet/filter/get.rs:13:25
   |
13 | use super::{FilterData, FilterRange, FilterCondition};
   |                         ^^^^^^^^^^^  ^^^^^^^^^^^^^^^

warning: unused import: `serde_json::json`
  --> crates/openlark-docs/src/ccm/sheets/v3/spreadsheet/sheet/filter/update.rs:12:5
   |
12 | use serde_json::json;
   |     ^^^^^^^^^^^^^^^^

warning: unused imports: `FilterCondition` and `FilterRange`
  --> crates/openlark-docs/src/ccm/sheets/v3/spreadsheet/sheet/filter/update.rs:14:25
   |
14 | use super::{FilterData, FilterRange, FilterCondition, CreateFilterRequest};
   |                         ^^^^^^^^^^^  ^^^^^^^^^^^^^^^

warning: unused import: `super::create::*`
  --> crates/openlark-docs/src/ccm/sheets/v3/spreadsheet/sheet/filter_view/condition/query.rs:13:5
   |
13 | use super::create::*;
   |     ^^^^^^^^^^^^^^^^

warning: unused import: `serde_json::json`
  --> crates/openlark-docs/src/ccm/sheets/v3/spreadsheet/sheet/get.rs:15:5
   |
15 | use serde_json::json;
   |     ^^^^^^^^^^^^^^^^

warning: unused import: `serde_json::json`
  --> crates/openlark-docs/src/ccm/sheets/v3/spreadsheet/sheet/query.rs:15:5
   |
15 | use serde_json::json;
   |     ^^^^^^^^^^^^^^^^

warning: unused imports: `ApiRequest`, `ApiResponseTrait`, `ResponseFormat`, `Response`, `SDKResult`, `config::Config`, and `http::Transport`
 --> crates/openlark-docs/src/bitable/v1/app/role/member/delete.rs:5:11
  |
5 |     api::{ApiRequest, ApiResponseTrait, Response, ResponseFormat},
  |           ^^^^^^^^^^  ^^^^^^^^^^^^^^^^  ^^^^^^^^  ^^^^^^^^^^^^^^
6 |     config::Config,
  |     ^^^^^^^^^^^^^^
7 |     http::Transport,
  |     ^^^^^^^^^^^^^^^
8 |     SDKResult,
  |     ^^^^^^^^^

warning: unused import: `delete::*`
  --> crates/openlark-docs/src/bitable/v1/app/role/member/mod.rs:21:9
   |
21 | pub use delete::*;
   |         ^^^^^^^^^

warning: unused import: `Response`
 --> crates/openlark-docs/src/bitable/v1/app/table/batch_create.rs:5:36
  |
5 |     api::{ApiRequest, RequestData, Response},
  |                                    ^^^^^^^^

warning: unused import: `Response`
 --> crates/openlark-docs/src/bitable/v1/app/table/batch_delete.rs:5:36
  |
5 |     api::{ApiRequest, RequestData, Response},
  |                                    ^^^^^^^^

warning: unused import: `serde_json::json`
  --> crates/openlark-docs/src/bitable/v1/app/table/create.rs:12:5
   |
12 | use serde_json::json;
   |     ^^^^^^^^^^^^^^^^

warning: unused imports: `HttpMethod`, `Response`, `http::Transport`, and `standard_response::StandardResponse`
 --> crates/openlark-docs/src/bitable/v1/app/table/form/field/list.rs:5:41
  |
5 |     api::{ApiRequest, ApiResponseTrait, HttpMethod, Response, ResponseFormat},
  |                                         ^^^^^^^^^^  ^^^^^^^^
...
8 |     http::Transport,
  |     ^^^^^^^^^^^^^^^
9 |     standard_response::StandardResponse,
  |     ^^^^^^^^^^^^^^^^^^^^^^^^^^^^^^^^^^^

warning: unused import: `serde_json::json`
  --> crates/openlark-docs/src/bitable/v1/app/table/form/field/list.rs:14:5
   |
14 | use serde_json::json;
   |     ^^^^^^^^^^^^^^^^

warning: unused imports: `api_endpoints::BitableApiV1` and `api_utils::*`
  --> crates/openlark-docs/src/bitable/v1/app/table/form/field/list.rs:16:21
   |
16 | use crate::common::{api_endpoints::BitableApiV1, api_utils::*};
   |                     ^^^^^^^^^^^^^^^^^^^^^^^^^^^  ^^^^^^^^^^^^

warning: unused imports: `ApiRequest`, `ApiResponseTrait`, `ResponseFormat`, and `http::Transport`
 --> crates/openlark-docs/src/bitable/v1/app/table/form/patch.rs:2:11
  |
2 |     api::{ApiRequest, ApiResponseTrait, Response, ResponseFormat},
  |           ^^^^^^^^^^  ^^^^^^^^^^^^^^^^            ^^^^^^^^^^^^^^
3 |     config::Config,
4 |     http::Transport,
  |     ^^^^^^^^^^^^^^^

warning: unused import: `serde_json::json`
  --> crates/openlark-docs/src/bitable/v1/app/table/record/batch_create.rs:12:5
   |
12 | use serde_json::json;
   |     ^^^^^^^^^^^^^^^^

warning: unused import: `Response`
 --> crates/openlark-docs/src/bitable/v1/app/table/record/search.rs:5:36
  |
5 |     api::{ApiRequest, RequestData, Response},
  |                                    ^^^^^^^^

warning: unused import: `serde_json::json`
  --> crates/openlark-docs/src/base/v2/app/role/create.rs:14:5
   |
14 | use serde_json::json;
   |     ^^^^^^^^^^^^^^^^

warning: unused import: `openlark_core::api::Response`
 --> crates/openlark-docs/src/common/api_utils.rs:1:5
  |
1 | use openlark_core::api::Response;
  |     ^^^^^^^^^^^^^^^^^^^^^^^^^^^^

warning: unused variable: `request`
   --> crates/openlark-docs/src/bitable/v1/app/table/form/patch.rs:115:5
    |
115 |     request: PatchFormQuestionRequest,
    |     ^^^^^^^ help: if this is intentional, prefix it with an underscore: `_request`
    |
    = note: `#[warn(unused_variables)]` (part of `#[warn(unused)]`) on by default

warning: unused variable: `config`
   --> crates/openlark-docs/src/bitable/v1/app/table/form/patch.rs:116:5
    |
116 |     config: &Config,
    |     ^^^^^^ help: if this is intentional, prefix it with an underscore: `_config`

warning: unused variable: `option`
   --> crates/openlark-docs/src/bitable/v1/app/table/form/patch.rs:117:5
    |
117 |     option: Option<openlark_core::req_option::RequestOption>,
    |     ^^^^^^ help: if this is intentional, prefix it with an underscore: `_option`

warning: field `config` is never read
  --> crates/openlark-docs/src/ccm/sheets/v3/mod.rs:65:5
   |
63 | pub struct SheetsService {
   |            ------------- field in this struct
64 |     /// 配置信息
65 |     config: Config,
   |     ^^^^^^
   |
   = note: `SheetsService` has derived impls for the traits `Debug` and `Clone`, but these are intentionally ignored during dead code analysis
   = note: `#[warn(dead_code)]` (part of `#[warn(unused)]`) on by default

warning: fields `app_token`, `table_id`, and `form_id` are never read
  --> crates/openlark-docs/src/bitable/v1/app/table/form/field/list.rs:68:5
   |
65 | pub struct ListFormFieldQuestionRequest {
   |            ---------------------------- fields in this struct
...
68 |     app_token: String,
   |     ^^^^^^^^^
69 |     /// 表格ID
70 |     table_id: String,
   |     ^^^^^^^^
71 |     /// 表单ID
72 |     form_id: String,
   |     ^^^^^^^
   |
   = note: `ListFormFieldQuestionRequest` has derived impls for the traits `Clone` and `Debug`, but these are intentionally ignored during dead code analysis

warning: constant `SheetsApiV3` should have an upper case name
    --> crates/openlark-docs/src/common/api_endpoints.rs:2023:11
     |
2023 | pub const SheetsApiV3: &str = "/open-apis/sheets/v3";
     |           ^^^^^^^^^^^ help: convert the identifier to upper case: `SHEETS_API_V3`
     |
     = note: `#[warn(non_upper_case_globals)]` (part of `#[warn(nonstandard_style)]`) on by default

warning: constant `BaikeApiV1` should have an upper case name
    --> crates/openlark-docs/src/common/api_endpoints.rs:2131:11
     |
2131 | pub const BaikeApiV1: &str = "/open-apis/baike/v1";
     |           ^^^^^^^^^^ help: convert the identifier to upper case: `BAIKE_API_V1`

warning: constant `LingoApiV1` should have an upper case name
    --> crates/openlark-docs/src/common/api_endpoints.rs:2217:11
     |
2217 | pub const LingoApiV1: &str = "/open-apis/lingo/v1";
     |           ^^^^^^^^^^ help: convert the identifier to upper case: `LINGO_API_V1`

warning: `openlark-docs` (lib) generated 117 warnings (run `cargo fix --lib -p openlark-docs` to apply 75 suggestions)
    Finished `dev` profile [unoptimized + debuginfo] target(s) in 3.46s
